<?xml version="1.0" encoding="UTF-8"?>
<!-- Generated by org.testng.reporters.JUnitReportReporter -->
<testsuite hostname="Sai-PC" name="day14.CaptchaAutomation" tests="1" failures="0" timestamp="24 Aug 2016 16:34:10 GMT" time="17.050" errors="0">
  <testcase name="capthcaTest" time="17.050" classname="day14.CaptchaAutomation"/>
</testsuite> <!-- day14.CaptchaAutomation -->
