<?xml version="1.0" encoding="UTF-8"?>
<!-- Generated by org.testng.reporters.JUnitReportReporter -->
<testsuite hostname="Sai-PC" name="day24.Login" tests="1" failures="0" timestamp="16 Sep 2016 15:59:15 GMT" time="4.322" errors="0">
  <testcase name="logintest" time="4.322" classname="day24.Login"/>
</testsuite> <!-- day24.Login -->
