<?xml version="1.0" encoding="UTF-8"?>
<!-- Generated by org.testng.reporters.JUnitReportReporter -->
<testsuite hostname="Sai-PC" name="day25.Login" tests="1" failures="0" timestamp="15 Sep 2016 16:13:31 GMT" time="37.715" errors="0">
  <testcase name="loginTest" time="37.715" classname="day25.Login"/>
</testsuite> <!-- day25.Login -->
