<?xml version="1.0" encoding="UTF-8"?>
<!-- Generated by org.testng.reporters.JUnitReportReporter -->
<testsuite hostname="Sai-PC" name="day16.ExplicitWait_FluentWait" tests="1" failures="0" timestamp="27 Aug 2016 16:24:53 GMT" time="4.883" errors="0">
  <testcase name="waitTest" time="4.883" classname="day16.ExplicitWait_FluentWait"/>
</testsuite> <!-- day16.ExplicitWait_FluentWait -->
