<?xml version="1.0" encoding="UTF-8"?>
<!-- Generated by org.testng.reporters.JUnitReportReporter -->
<testsuite hostname="Sai-PC" name="day13.XpathCreation" tests="1" failures="0" timestamp="23 Aug 2016 16:16:18 GMT" time="0.935" errors="0">
  <testcase name="xpathTest" time="0.935" classname="day13.XpathCreation"/>
</testsuite> <!-- day13.XpathCreation -->
