<?xml version="1.0" encoding="UTF-8"?>
<!-- Generated by org.testng.reporters.JUnitReportReporter -->
<testsuite hostname="Sai-PC" name="day18.AutomatingFrames" tests="1" failures="0" timestamp="31 Aug 2016 15:59:42 GMT" time="20.640" errors="0">
  <testcase name="framesTest" time="20.640" classname="day18.AutomatingFrames"/>
</testsuite> <!-- day18.AutomatingFrames -->
