<?xml version="1.0" encoding="UTF-8"?>
<!-- Generated by org.testng.reporters.JUnitReportReporter -->
<testsuite hostname="Sai-PC" name="day29.DatadrivenTestingOnGrid" tests="2" failures="0" timestamp="22 Sep 2016 15:53:49 GMT" time="183.208" errors="0">
  <testcase name="linkstest" time="60.730" classname="day29.DatadrivenTestingOnGrid"/>
  <testcase name="linkstest" time="122.478" classname="day29.DatadrivenTestingOnGrid"/>
</testsuite> <!-- day29.DatadrivenTestingOnGrid -->
