<?xml version="1.0" encoding="UTF-8"?>
<!-- Generated by org.testng.reporters.JUnitReportReporter -->
<testsuite hostname="Sai-PC" name="day13.XpathCreation2" tests="1" failures="0" timestamp="23 Aug 2016 16:26:11 GMT" time="15.610" errors="0">
  <testcase name="xpathTest" time="15.610" classname="day13.XpathCreation2"/>
</testsuite> <!-- day13.XpathCreation2 -->
