<?xml version="1.0" encoding="UTF-8"?>
<!-- Generated by org.testng.reporters.JUnitReportReporter -->
<testsuite hostname="Sai-PC" name="day19.SliderBar" tests="1" failures="0" timestamp="2 Sep 2016 15:50:25 GMT" time="0.626" errors="0">
  <testcase name="sliderTest" time="0.626" classname="day19.SliderBar"/>
</testsuite> <!-- day19.SliderBar -->
