<?xml version="1.0" encoding="UTF-8"?>
<!-- Generated by org.testng.reporters.JUnitReportReporter -->
<testsuite hostname="Sai-PC" name="day17.MultipleWindowsAndTabs" tests="1" failures="0" timestamp="30 Aug 2016 16:10:28 GMT" time="19.135" errors="0">
  <testcase name="windowTest" time="19.135" classname="day17.MultipleWindowsAndTabs"/>
</testsuite> <!-- day17.MultipleWindowsAndTabs -->
