<?xml version="1.0" encoding="UTF-8"?>
<!-- Generated by org.testng.reporters.JUnitReportReporter -->
<testsuite hostname="Sai-PC" name="day25.LoginUsingProperties" tests="1" failures="0" timestamp="15 Sep 2016 15:51:03 GMT" time="5.567" errors="0">
  <testcase name="loginTest" time="5.567" classname="day25.LoginUsingProperties"/>
</testsuite> <!-- day25.LoginUsingProperties -->
