<?xml version="1.0" encoding="UTF-8"?>
<!-- Generated by org.testng.reporters.JUnitReportReporter -->
<testsuite hostname="Sai-PC" name="day18.RightClickOperation" tests="1" failures="0" timestamp="31 Aug 2016 16:31:25 GMT" time="2.819" errors="0">
  <testcase name="rightClickTest" time="2.819" classname="day18.RightClickOperation"/>
</testsuite> <!-- day18.RightClickOperation -->
