<?xml version="1.0" encoding="UTF-8"?>
<!-- Generated by org.testng.reporters.JUnitReportReporter -->
<testsuite hostname="Sai-PC" name="day27.OrangeHRMLogin" tests="1" failures="0" timestamp="20 Sep 2016 16:19:04 GMT" time="19.378" errors="0">
  <testcase name="loginTest" time="19.378" classname="day27.OrangeHRMLogin"/>
</testsuite> <!-- day27.OrangeHRMLogin -->
