<?xml version="1.0" encoding="UTF-8"?>
<!-- Generated by org.testng.reporters.JUnitReportReporter -->
<testsuite hostname="Sai-PC" name="day10.ScreenshotOnError1" tests="1" failures="0" timestamp="19 Aug 2016 15:45:36 GMT" time="6.200" errors="0">
  <testcase name="elementPresenceTest" time="6.200" classname="day10.ScreenshotOnError1"/>
</testsuite> <!-- day10.ScreenshotOnError1 -->
