<?xml version="1.0" encoding="UTF-8"?>
<!-- Generated by org.testng.reporters.JUnitReportReporter -->
<testsuite hostname="Sai-PC" name="day24.DatadrivenTesting2" tests="1" failures="0" timestamp="16 Sep 2016 15:59:15 GMT" time="30.432" errors="0">
  <testcase name="registrationTest" time="30.432" classname="day24.DatadrivenTesting2"/>
</testsuite> <!-- day24.DatadrivenTesting2 -->
