<?xml version="1.0" encoding="UTF-8"?>
<!-- Generated by org.testng.reporters.JUnitReportReporter -->
<testsuite hostname="Sai-PC" name="day30.CloudTesting" tests="3" failures="0" timestamp="24 Sep 2016 16:02:37 GMT" time="915.192" errors="0">
  <testcase name="dropdownTesttesting" time="376.808" classname="day30.CloudTesting"/>
  <testcase name="dropdownTesttesting" time="269.064" classname="day30.CloudTesting"/>
  <testcase name="dropdownTesttesting" time="269.320" classname="day30.CloudTesting"/>
</testsuite> <!-- day30.CloudTesting -->
