<?xml version="1.0" encoding="UTF-8"?>
<!-- Generated by org.testng.reporters.JUnitReportReporter -->
<testsuite hostname="Sai-PC" name="day14.DynamicCssSelectors" tests="1" failures="0" timestamp="24 Aug 2016 16:11:57 GMT" time="6.419" errors="0">
  <testcase name="cssTest" time="6.419" classname="day14.DynamicCssSelectors"/>
</testsuite> <!-- day14.DynamicCssSelectors -->
