<?xml version="1.0" encoding="UTF-8"?>
<!-- Generated by org.testng.reporters.JUnitReportReporter -->
<testsuite hostname="Sai-PC" name="day19.CookiesTesting" tests="1" failures="0" timestamp="2 Sep 2016 16:05:10 GMT" time="0.483" errors="0">
  <testcase name="cookiesTest" time="0.483" classname="day19.CookiesTesting"/>
</testsuite> <!-- day19.CookiesTesting -->
