<?xml version="1.0" encoding="UTF-8"?>
<!-- Generated by org.testng.reporters.JUnitReportReporter -->
<testsuite hostname="Sai-PC" name="day23.DatadrivenTesting1" tests="1" failures="0" timestamp="12 Sep 2016 16:17:37 GMT" time="44.597" errors="0">
  <testcase name="linksTest" time="44.597" classname="day23.DatadrivenTesting1"/>
</testsuite> <!-- day23.DatadrivenTesting1 -->
