<?xml version="1.0" encoding="UTF-8"?>
<!-- Generated by org.testng.reporters.JUnitReportReporter -->
<testsuite hostname="Sai-PC" name="day20.CalanderWebtable" tests="1" failures="0" timestamp="6 Sep 2016 16:11:09 GMT" time="28.723" errors="0">
  <testcase name="clanaderTest" time="28.723" classname="day20.CalanderWebtable"/>
</testsuite> <!-- day20.CalanderWebtable -->
