<?xml version="1.0" encoding="UTF-8"?>
<!-- Generated by org.testng.reporters.JUnitReportReporter -->
<testsuite hostname="Sai-PC" name="day15.ImplicitWaitExample" tests="1" failures="0" timestamp="27 Aug 2016 16:03:13 GMT" time="3.937" errors="0">
  <testcase name="waitTest" time="3.937" classname="day15.ImplicitWaitExample"/>
</testsuite> <!-- day15.ImplicitWaitExample -->
