<?xml version="1.0" encoding="UTF-8"?>
<!-- Generated by org.testng.reporters.JUnitReportReporter -->
<testsuite hostname="Sai-PC" name="day19.DragandDropOperation" tests="1" failures="0" timestamp="2 Sep 2016 15:42:02 GMT" time="0.817" errors="0">
  <testcase name="dragandDropTest" time="0.817" classname="day19.DragandDropOperation"/>
</testsuite> <!-- day19.DragandDropOperation -->
