<?xml version="1.0" encoding="UTF-8"?>
<!-- Generated by org.testng.reporters.JUnitReportReporter -->
<testsuite hostname="Sai-PC" name="day23.LoginUsingDataProvider" tests="2" failures="0" timestamp="22 Sep 2016 16:12:21 GMT" time="66.864" errors="0">
  <testcase name="loginTest" time="22.179" classname="day23.LoginUsingDataProvider"/>
  <testcase name="loginTest" time="44.685" classname="day23.LoginUsingDataProvider"/>
</testsuite> <!-- day23.LoginUsingDataProvider -->
