<?xml version="1.0" encoding="UTF-8"?>
<!-- Generated by org.testng.reporters.JUnitReportReporter -->
<testsuite hostname="Sai-PC" name="day10.RadioButtonsTesting1" tests="1" failures="0" timestamp="19 Aug 2016 16:17:38 GMT" time="13.677" errors="0">
  <testcase name="radioButtonsTest" time="13.677" classname="day10.RadioButtonsTesting1"/>
</testsuite> <!-- day10.RadioButtonsTesting1 -->
