<?xml version="1.0" encoding="UTF-8"?>
<!-- Generated by org.testng.reporters.JUnitReportReporter -->
<testsuite hostname="Sai-PC" name="day9.Sample" tests="2" failures="0" timestamp="18 Aug 2016 16:16:48 GMT" time="0.100" errors="0">
  <testcase name="loginTest" time="0.038" classname="day9.Sample"/>
  <testcase name="logoutTest" time="0.062" classname="day9.Sample"/>
</testsuite> <!-- day9.Sample -->
