<?xml version="1.0" encoding="UTF-8"?>
<!-- Generated by org.testng.reporters.JUnitReportReporter -->
<testsuite hostname="Sai-PC" name="day12.VideoRecording" tests="1" failures="0" timestamp="22 Aug 2016 16:18:28 GMT" time="13.879" errors="0">
  <testcase name="recordTest" time="13.879" classname="day12.VideoRecording"/>
</testsuite> <!-- day12.VideoRecording -->
