<?xml version="1.0" encoding="UTF-8"?>
<!-- Generated by org.testng.reporters.JUnitReportReporter -->
<testsuite hostname="Sai-PC" name="day24.Links" tests="1" failures="0" timestamp="16 Sep 2016 15:59:15 GMT" time="4.124" errors="0">
  <testcase name="linkTest" time="4.124" classname="day24.Links"/>
</testsuite> <!-- day24.Links -->
