<?xml version="1.0" encoding="UTF-8"?>
<!-- Generated by org.testng.reporters.JUnitReportReporter -->
<testsuite hostname="Sai-PC" name="day19.WebtableTesting" tests="1" failures="0" timestamp="8 Sep 2016 16:11:02 GMT" time="55.390" errors="0">
  <testcase name="webtableTest" time="55.390" classname="day19.WebtableTesting"/>
</testsuite> <!-- day19.WebtableTesting -->
