<?xml version="1.0" encoding="UTF-8"?>
<!-- Generated by org.testng.reporters.JUnitReportReporter -->
<testsuite hostname="Sai-PC" name="day10.ScreenshotOnError2" tests="1" failures="0" timestamp="19 Aug 2016 15:57:06 GMT" time="6.440" errors="0">
  <testcase name="elementPresenceTest" time="6.440" classname="day10.ScreenshotOnError2"/>
</testsuite> <!-- day10.ScreenshotOnError2 -->
