<?xml version="1.0" encoding="UTF-8"?>
<!-- Generated by org.testng.reporters.JUnitReportReporter -->
<testsuite hostname="Sai-PC" name="day18.MouseHovering" tests="1" failures="0" timestamp="31 Aug 2016 16:21:36 GMT" time="10.073" errors="0">
  <testcase name="mouseHoverTest" time="10.073" classname="day18.MouseHovering"/>
</testsuite> <!-- day18.MouseHovering -->
