<?xml version="1.0" encoding="UTF-8"?>
<!-- Generated by org.testng.reporters.JUnitReportReporter -->
<testsuite hostname="Sai-PC" name="day14.DynamicXpaths" tests="1" failures="0" timestamp="24 Aug 2016 15:51:23 GMT" time="6.818" errors="0">
  <testcase name="xpathTest" time="6.818" classname="day14.DynamicXpaths"/>
</testsuite> <!-- day14.DynamicXpaths -->
