<?xml version="1.0" encoding="UTF-8"?>
<!-- Generated by org.testng.reporters.JUnitReportReporter -->
<testsuite hostname="Sai-PC" name="day22.WebtableExcel" tests="1" failures="0" timestamp="8 Sep 2016 16:16:20 GMT" time="47.521" errors="0">
  <testcase name="webtableTest" time="47.521" classname="day22.WebtableExcel"/>
</testsuite> <!-- day22.WebtableExcel -->
